0 info it worked if it ends with ok
1 verbose cli [ '/Users/ricklee/.nvm/versions/node/v7.7.4/bin/node',
1 verbose cli   '/Users/ricklee/.nvm/versions/node/v7.7.4/bin/npm',
1 verbose cli   'run',
1 verbose cli   'babel2' ]
2 info using npm@4.1.2
3 info using node@v7.7.4
4 verbose run-script [ 'prebabel2', 'babel2', 'postbabel2' ]
5 info lifecycle ninjajs@3.4.3~prebabel2: ninjajs@3.4.3
6 silly lifecycle ninjajs@3.4.3~prebabel2: no script for prebabel2, continuing
7 info lifecycle ninjajs@3.4.3~babel2: ninjajs@3.4.3
8 verbose lifecycle ninjajs@3.4.3~babel2: unsafe-perm in lifecycle true
9 verbose lifecycle ninjajs@3.4.3~babel2: PATH: /Users/ricklee/.nvm/versions/node/v7.7.4/lib/node_modules/npm/bin/node-gyp-bin:/Users/ricklee/dev/codebase/ninjajs/node_modules/.bin:/Users/ricklee/.nvm/versions/node/v7.7.4/bin:/Users/ricklee/.rvm/gems/ruby-2.2.0/bin:/Users/ricklee/.rvm/gems/ruby-2.2.0@global/bin:/Users/ricklee/.rvm/rubies/ruby-2.2.0/bin:/usr/local/bin:/usr/bin:/bin:/usr/sbin:/sbin:/Users/ricklee/.rvm/bin:/Users/ricklee/Library/Android/sdk/tools:/Users/ricklee/Library/Android/sdk/platform-tools
10 verbose lifecycle ninjajs@3.4.3~babel2: CWD: /Users/ricklee/dev/codebase/ninjajs
11 silly lifecycle ninjajs@3.4.3~babel2: Args: [ '-c', 'node ./example/build.js' ]
12 silly lifecycle ninjajs@3.4.3~babel2: Returned: code: 1  signal: null
13 info lifecycle ninjajs@3.4.3~babel2: Failed to exec babel2 script
14 verbose stack Error: ninjajs@3.4.3 babel2: `node ./example/build.js`
14 verbose stack Exit status 1
14 verbose stack     at EventEmitter.<anonymous> (/Users/ricklee/.nvm/versions/node/v7.7.4/lib/node_modules/npm/lib/utils/lifecycle.js:279:16)
14 verbose stack     at emitTwo (events.js:106:13)
14 verbose stack     at EventEmitter.emit (events.js:194:7)
14 verbose stack     at ChildProcess.<anonymous> (/Users/ricklee/.nvm/versions/node/v7.7.4/lib/node_modules/npm/lib/utils/spawn.js:40:14)
14 verbose stack     at emitTwo (events.js:106:13)
14 verbose stack     at ChildProcess.emit (events.js:194:7)
14 verbose stack     at maybeClose (internal/child_process.js:899:16)
14 verbose stack     at Process.ChildProcess._handle.onexit (internal/child_process.js:226:5)
15 verbose pkgid ninjajs@3.4.3
16 verbose cwd /Users/ricklee/dev/codebase/ninjajs
17 error Darwin 15.3.0
18 error argv "/Users/ricklee/.nvm/versions/node/v7.7.4/bin/node" "/Users/ricklee/.nvm/versions/node/v7.7.4/bin/npm" "run" "babel2"
19 error node v7.7.4
20 error npm  v4.1.2
21 error code ELIFECYCLE
22 error ninjajs@3.4.3 babel2: `node ./example/build.js`
22 error Exit status 1
23 error Failed at the ninjajs@3.4.3 babel2 script 'node ./example/build.js'.
23 error Make sure you have the latest version of node.js and npm installed.
23 error If you do, this is most likely a problem with the ninjajs package,
23 error not with npm itself.
23 error Tell the author that this fails on your system:
23 error     node ./example/build.js
23 error You can get information on how to open an issue for this project with:
23 error     npm bugs ninjajs
23 error Or if that isn't available, you can get their info via:
23 error     npm owner ls ninjajs
23 error There is likely additional logging output above.
24 verbose exit [ 1, true ]
